<?xml version="1.0" encoding="UTF-8"?>
<!-- Generated by org.testng.reporters.JUnitReportReporter -->
<testsuite hostname="FYNXTLAPIND066" failures="0" tests="4" name="test.UserTests" time="12.168" errors="0" timestamp="2024-10-02T16:10:55 IST" skipped="0">
  <testcase classname="test.UserTests" name="testPostUser" time="5.556"/>
  <system-out/>
  <testcase classname="test.UserTests" name="testGetUser" time="2.074"/>
  <system-out/>
  <testcase classname="test.UserTests" name="testUpdateUser" time="2.908"/>
  <system-out/>
  <testcase classname="test.UserTests" name="testDeleteUser" time="1.630"/>
  <system-out/>
</testsuite> <!-- test.UserTests -->
