<?xml version="1.0" encoding="UTF-8"?>
<!-- Generated by org.testng.reporters.JUnitReportReporter -->
<testsuite hostname="FYNXTLAPIND066" failures="0" tests="3" name="test.StoreTests" time="9.817" errors="0" timestamp="2024-10-18T05:33:07 IST" skipped="0">
  <testcase classname="test.StoreTests" name="testPostStore" time="7.504"/>
  <system-out/>
  <testcase classname="test.StoreTests" name="testGetStore" time="1.190"/>
  <system-out/>
  <testcase classname="test.StoreTests" name="testDeleteStore" time="1.123"/>
  <system-out/>
</testsuite> <!-- test.StoreTests -->
