<?xml version="1.0" encoding="UTF-8"?>
<!-- Generated by org.testng.reporters.JUnitReportReporter -->
<testsuite hostname="FYNXTLAPIND066" failures="0" tests="4" name="test.UserTests" time="10.558" errors="0" timestamp="2024-10-22T01:53:17 IST" skipped="0">
  <testcase classname="test.UserTests" name="testPostUser" time="4.348"/>
  <system-out/>
  <testcase classname="test.UserTests" name="testGetUser" time="2.296"/>
  <system-out/>
  <testcase classname="test.UserTests" name="testUpdateUser" time="2.599"/>
  <system-out/>
  <testcase classname="test.UserTests" name="testDeleteUser" time="1.315"/>
  <system-out/>
</testsuite> <!-- test.UserTests -->
