<?xml version="1.0" encoding="UTF-8"?>
<!-- Generated by org.testng.reporters.JUnitReportReporter -->
<testsuite hostname="FYNXTLAPIND066" failures="0" tests="4" name="test.UserTests" time="10.523" errors="0" timestamp="2024-10-04T12:44:18 IST" skipped="0">
  <testcase classname="test.UserTests" name="testPostUser" time="5.171"/>
  <system-out/>
  <testcase classname="test.UserTests" name="testGetUser" time="1.285"/>
  <system-out/>
  <testcase classname="test.UserTests" name="testUpdateUser" time="2.840"/>
  <system-out/>
  <testcase classname="test.UserTests" name="testDeleteUser" time="1.227"/>
  <system-out/>
</testsuite> <!-- test.UserTests -->
